#
# A fatal error has been detected by the Java Runtime Environment:
#
#  SIGSEGV (0xb) at pc=0x00007fc61e5a4fb2, pid=6720, tid=6741
#
# JRE version: Java(TM) SE Runtime Environment (9.0+11) (build 9.0.4+11)
# Java VM: Java HotSpot(TM) 64-Bit Server VM (9.0.4+11, mixed mode, tiered, compressed oops, g1 gc, linux-amd64)
# Problematic frame:
# C  [libjimage.so+0x3fb2]  ImageStrings::find(Endian*, char const*, int*, unsigned int)+0x42
#
# Core dump will be written. Default location: Core dumps may be processed with "/usr/share/apport/apport %p %s %c %d %P" (or dumping to /home/pcingola/workspace/BigDataScript/core.6720)
#
# If you would like to submit a bug report, please visit:
#   http://bugreport.java.com/bugreport/crash.jsp
#

---------------  S U M M A R Y ------------

Command Line: -agentlib:jdwp=transport=dt_socket,suspend=y,address=localhost:41563 -Djava.library.path=/home/pcingola/.bds/lib -Dfile.encoding=UTF-8 org.bds.Bds /home/pcingola/workspace/BigDataScript/test/z.bds

Host: Intel(R) Core(TM) i7-6600U CPU @ 2.60GHz, 4 cores, 31G, Ubuntu 16.04.3 LTS
Time: Thu Mar  1 18:10:08 2018 EST elapsed time: 12 seconds (0d 0h 0m 12s)

---------------  T H R E A D  ---------------

Current thread (0x00007fc618256000):  JavaThread "Signal Dispatcher" daemon [_thread_in_vm, id=6741, stack(0x00007fc5c423b000,0x00007fc5c433c000)]