#
# A fatal error has been detected by the Java Runtime Environment:
#
#  SIGSEGV (0xb) at pc=0x00007f92724a1fb2, pid=27221, tid=27243
#
# JRE version: Java(TM) SE Runtime Environment (9.0+11) (build 9.0.4+11)
# Java VM: Java HotSpot(TM) 64-Bit Server VM (9.0.4+11, mixed mode, tiered, compressed oops, g1 gc, linux-amd64)
# Problematic frame:
# C  [libjimage.so+0x3fb2]  ImageStrings::find(Endian*, char const*, int*, unsigned int)+0x42
#
# Core dump will be written. Default location: Core dumps may be processed with "/usr/share/apport/apport %p %s %c %d %P" (or dumping to /home/pcingola/workspace/BigDataScript/core.27221)
#
# If you would like to submit a bug report, please visit:
#   http://bugreport.java.com/bugreport/crash.jsp
#

---------------  S U M M A R Y ------------

Command Line: -agentlib:jdwp=transport=dt_socket,suspend=y,address=localhost:33011 -Djava.library.path=/home/pcingola/.bds/lib -Dfile.encoding=UTF-8 org.bds.Bds -v -d /home/pcingola/workspace/BigDataScript/test/z.bds

Host: Intel(R) Core(TM) i7-6600U CPU @ 2.60GHz, 4 cores, 31G, Ubuntu 16.04.3 LTS
Time: Mon Mar  5 13:59:22 2018 EST elapsed time: 23 seconds (0d 0h 0m 23s)

---------------  T H R E A D  ---------------

Current thread (0x00007f926c256000):  JavaThread "Signal Dispatcher" daemon [_thread_in_vm, id=27243, stack(0x00007f921813a000,0x00007f921823b000)]

Stack: [0x00007f921813a000,0x00007f921823b000],  sp=0x00007f92182382c0,  free space=1016k
Native frames: (J=compiled Java code, A=aot compiled Java code, j=interpreted, Vv=VM code, C=native code)
C  [libjimage.so+0x3fb2]  ImageStrings::find(Endian*, char const*, int*, unsigned int)+0x42
C  [libjimage.so+0x4b8c]  ImageFileReader::find_location_index(char const*, unsigned long long*) const+0x3c
C  [libjimage.so+0x505a]  JIMAGE_FindResource+0xba
V  [libjvm.so+0x5aae8e]